Using pre-set license
Built from '2020.3/release' branch; Version is '2020.3.31f1 (6b54b7616050) revision 7034039'; Using compiler version '192528614'; Build Type 'Release'
OS: 'Windows 10  (10.0.19041) 64bit Professional' Language: 'ru' Physical Memory: 24494 MB
BatchMode: 1, IsHumanControllingUs: 0, StartBugReporterOnCrash: 0, Is64bit: 1, IsPro: 0

COMMAND LINE ARGUMENTS:
C:\Program Files\Unity\Hub\Editor\2020.3.31f1\Editor\Unity.exe
-adb2
-batchMode
-noUpm
-name
AssetImportWorker0
-projectPath
C:/Users/Drull/RunnerTry3
-logFile
Logs/AssetImportWorker0.log
-srvPort
63090
Successfully changed project path to: C:/Users/Drull/RunnerTry3
C:/Users/Drull/RunnerTry3
Using Asset Import Pipeline V2.
Refreshing native plugins compatible for Editor in 105.12 ms, found 2 plugins.
Preloading 0 native plugins for Editor in 0.00 ms.
Initialize engine version: 2020.3.31f1 (6b54b7616050)
[Subsystems] Discovering subsystems at path C:/Program Files/Unity/Hub/Editor/2020.3.31f1/Editor/Data/Resources/UnitySubsystems
[Subsystems] Discovering subsystems at path C:/Users/Drull/RunnerTry3/Assets
GfxDevice: creating device client; threaded=0
Direct3D:
    Version:  Direct3D 11.0 [level 11.1]
    Renderer: AMD Radeon RX 580 2048SP (ID=0x6fdf)
    Vendor:   
    VRAM:     8171 MB
    Driver:   30.0.13023.4001
Initialize mono
Mono path[0] = 'C:/Program Files/Unity/Hub/Editor/2020.3.31f1/Editor/Data/Managed'
Mono path[1] = 'C:/Program Files/Unity/Hub/Editor/2020.3.31f1/Editor/Data/MonoBleedingEdge/lib/mono/unityjit'
Mono config path = 'C:/Program Files/Unity/Hub/Editor/2020.3.31f1/Editor/Data/MonoBleedingEdge/etc'
Using monoOptions --debugger-agent=transport=dt_socket,embedding=1,server=y,suspend=n,address=127.0.0.1:56020
Begin MonoManager ReloadAssembly
Registering precompiled unity dll's ...
Register platform support module: C:/Program Files/Unity/Hub/Editor/2020.3.31f1/Editor/Data/PlaybackEngines/WebGLSupport/UnityEditor.WebGL.Extensions.dll
Register platform support module: C:/Program Files/Unity/Hub/Editor/2020.3.31f1/Editor/Data/PlaybackEngines/WindowsStandaloneSupport/UnityEditor.WindowsStandalone.Extensions.dll
Registered in 0.003795 seconds.
Native extension for WindowsStandalone target not found
Native extension for WebGL target not found
Refreshing native plugins compatible for Editor in 97.65 ms, found 2 plugins.
Preloading 0 native plugins for Editor in 0.00 ms.
Mono: successfully reloaded assembly
- Completed reload, in  0.947 seconds
Domain Reload Profiling:
	ReloadAssembly (947ms)
		BeginReloadAssembly (99ms)
			ExecutionOrderSort (0ms)
			DisableScriptedObjects (0ms)
			BackupInstance (0ms)
			ReleaseScriptingObjects (0ms)
			CreateAndSetChildDomain (1ms)
		EndReloadAssembly (733ms)
			LoadAssemblies (96ms)
			RebuildTransferFunctionScriptingTraits (0ms)
			SetupTypeCache (216ms)
			ReleaseScriptCaches (0ms)
			RebuildScriptCaches (49ms)
			SetupLoadedEditorAssemblies (310ms)
				LogAssemblyErrors (0ms)
				InitializePlatformSupportModulesInManaged (8ms)
				SetLoadedEditorAssemblies (0ms)
				RefreshPlugins (98ms)
				BeforeProcessingInitializeOnLoad (23ms)
				ProcessInitializeOnLoadAttributes (137ms)
				ProcessInitializeOnLoadMethodAttributes (44ms)
				AfterProcessingInitializeOnLoad (0ms)
				EditorAssembliesLoaded (0ms)
			ExecutionOrderSort2 (0ms)
			AwakeInstancesAfterBackupRestoration (0ms)
Platform modules already initialized, skipping
Registering precompiled user dll's ...
Registered in 0.005966 seconds.
Begin MonoManager ReloadAssembly
Native extension for WindowsStandalone target not found
Native extension for WebGL target not found
Refreshing native plugins compatible for Editor in 88.82 ms, found 2 plugins.
Preloading 0 native plugins for Editor in 0.00 ms.
Mono: successfully reloaded assembly
- Completed reload, in  1.802 seconds
Domain Reload Profiling:
	ReloadAssembly (1803ms)
		BeginReloadAssembly (229ms)
			ExecutionOrderSort (0ms)
			DisableScriptedObjects (8ms)
			BackupInstance (0ms)
			ReleaseScriptingObjects (0ms)
			CreateAndSetChildDomain (26ms)
		EndReloadAssembly (1480ms)
			LoadAssemblies (153ms)
			RebuildTransferFunctionScriptingTraits (0ms)
			SetupTypeCache (466ms)
			ReleaseScriptCaches (1ms)
			RebuildScriptCaches (92ms)
			SetupLoadedEditorAssemblies (586ms)
				LogAssemblyErrors (0ms)
				InitializePlatformSupportModulesInManaged (7ms)
				SetLoadedEditorAssemblies (0ms)
				RefreshPlugins (89ms)
				BeforeProcessingInitializeOnLoad (144ms)
				ProcessInitializeOnLoadAttributes (319ms)
				ProcessInitializeOnLoadMethodAttributes (15ms)
				AfterProcessingInitializeOnLoad (12ms)
				EditorAssembliesLoaded (0ms)
			ExecutionOrderSort2 (0ms)
			AwakeInstancesAfterBackupRestoration (13ms)
Platform modules already initialized, skipping
========================================================================
Worker process is ready to serve import requests
Launched and connected shader compiler UnityShaderCompiler.exe after 0.16 seconds
Refreshing native plugins compatible for Editor in 1.02 ms, found 2 plugins.
Preloading 0 native plugins for Editor in 0.00 ms.
Unloading 2927 Unused Serialized files (Serialized files now loaded: 0)
System memory in use before: 130.3 MB.
System memory in use after: 130.5 MB.

Unloading 30 unused Assets to reduce memory usage. Loaded Objects now: 3351.
Total: 4.309600 ms (FindLiveObjects: 0.272800 ms CreateObjectMapping: 0.139800 ms MarkObjects: 3.790200 ms  DeleteObjects: 0.105200 ms)

AssetImportParameters requested are different than current active one (requested -> active):
  custom:framework-win-MediaFoundation: 216162199b28c13a410421893ffa2e32 -> 
  custom:video-decoder-ogg-theora: a1e56fd34408186e4bbccfd4996cb3dc -> 
  custom:container-muxer-webm: aa71ff27fc2769a1b78a27578f13a17b -> 
  custom:container-demuxer-webm: 4f35f7cbe854078d1ac9338744f61a02 -> 
  custom:container-demuxer-ogg: 62fdf1f143b41e24485cea50d1cbac27 -> 
  custom:video-encoder-webm-vp8: eb34c28f22e8b96e1ab97ce403110664 -> 
  custom:video-decoder-webm-vp8: 9c59270c3fd7afecdb556c50c9e8de78 -> 
  custom:audio-decoder-ogg-vorbis: bf7c407c2cedff20999df2af8eb42d56 -> 
  custom:audio-encoder-webm-vorbis: bf7c407c2cedff20999df2af8eb42d56 -> 
========================================================================
Received Import Request.
  path: Assets/Platforms/Ground_Tile2.prefab
  artifactKey: Guid(07fc85ba1e0d9cc41b2832527887f9b7) Importer(815301076,1909f56bfc062723c751e8b465ee728b)
Start importing Assets/Platforms/Ground_Tile2.prefab using Guid(07fc85ba1e0d9cc41b2832527887f9b7) Importer(815301076,1909f56bfc062723c751e8b465ee728b)  -> (artifact id: '01ce09d007d6db4101343899ef7c13bf') in 0.456287 seconds 
========================================================================
Received Import Request.
  Time since last request: 59.399192 seconds.
  path: Assets/Prefab/+.prefab
  artifactKey: Guid(ff19ac2e74eb40e4f88fb3624b4c1f8e) Importer(815301076,1909f56bfc062723c751e8b465ee728b)
Start importing Assets/Prefab/+.prefab using Guid(ff19ac2e74eb40e4f88fb3624b4c1f8e) Importer(815301076,1909f56bfc062723c751e8b465ee728b)  -> (artifact id: 'c3dc66d70d581c2eac0b69fbbc232187') in 0.030764 seconds 
========================================================================
Received Import Request.
  Time since last request: 0.000322 seconds.
  path: Assets/Prefab/coin.prefab
  artifactKey: Guid(06e7824118ba6b14aaa32c397d2b7657) Importer(815301076,1909f56bfc062723c751e8b465ee728b)
Start importing Assets/Prefab/coin.prefab using Guid(06e7824118ba6b14aaa32c397d2b7657) Importer(815301076,1909f56bfc062723c751e8b465ee728b)  -> (artifact id: 'b109b456e1670b3868dfd243eb248e41') in 0.024034 seconds 
========================================================================
Received Import Request.
  Time since last request: 0.000316 seconds.
  path: Assets/Prefab/star_example.prefab
  artifactKey: Guid(36058110b5deebf40ba4d7193062b61f) Importer(815301076,1909f56bfc062723c751e8b465ee728b)
Start importing Assets/Prefab/star_example.prefab using Guid(36058110b5deebf40ba4d7193062b61f) Importer(815301076,1909f56bfc062723c751e8b465ee728b)  -> (artifact id: 'bf0fc3a696701077829e26405a56a4f4') in 0.052924 seconds 
========================================================================
Received Import Request.
  Time since last request: 0.000327 seconds.
  path: Assets/Prefab/sklep1.prefab
  artifactKey: Guid(c07f783f1a4d4c9489ab9ed02dfb4032) Importer(815301076,1909f56bfc062723c751e8b465ee728b)
Start importing Assets/Prefab/sklep1.prefab using Guid(c07f783f1a4d4c9489ab9ed02dfb4032) Importer(815301076,1909f56bfc062723c751e8b465ee728b)  -> (artifact id: '5f7b13951b3f2027c1525c723bf3e5ae') in 0.028021 seconds 
========================================================================
Received Import Request.
  Time since last request: 0.000324 seconds.
  path: Assets/Prefab/RIP (1).prefab
  artifactKey: Guid(556b673140476cb46959f10a7076a5bf) Importer(815301076,1909f56bfc062723c751e8b465ee728b)
Start importing Assets/Prefab/RIP (1).prefab using Guid(556b673140476cb46959f10a7076a5bf) Importer(815301076,1909f56bfc062723c751e8b465ee728b)  -> (artifact id: '73a7b0ec0cbbf01566cf456fdf4e0968') in 0.021959 seconds 
========================================================================
Received Import Request.
  Time since last request: 0.000305 seconds.
  path: Assets/Prefab/sklep.prefab
  artifactKey: Guid(5bc57414e2b1539498f0171d1ce771f8) Importer(815301076,1909f56bfc062723c751e8b465ee728b)
Start importing Assets/Prefab/sklep.prefab using Guid(5bc57414e2b1539498f0171d1ce771f8) Importer(815301076,1909f56bfc062723c751e8b465ee728b)  -> (artifact id: '31c5e7de15317e05f202154d6aabbb96') in 0.023346 seconds 
========================================================================
Received Import Request.
  Time since last request: 0.000314 seconds.
  path: Assets/Prefab/RIP2.prefab
  artifactKey: Guid(98295d963e2225f4189dec8bcb640646) Importer(815301076,1909f56bfc062723c751e8b465ee728b)
Start importing Assets/Prefab/RIP2.prefab using Guid(98295d963e2225f4189dec8bcb640646) Importer(815301076,1909f56bfc062723c751e8b465ee728b)  -> (artifact id: 'af27b12eab84f6e643cb9f4025634e5f') in 0.021060 seconds 
========================================================================
Received Import Request.
  Time since last request: 0.000243 seconds.
  path: Assets/Prefab/skeleton.prefab
  artifactKey: Guid(b4bf55da32987574cbb8e2fd0575e43d) Importer(815301076,1909f56bfc062723c751e8b465ee728b)
Start importing Assets/Prefab/skeleton.prefab using Guid(b4bf55da32987574cbb8e2fd0575e43d) Importer(815301076,1909f56bfc062723c751e8b465ee728b)  -> (artifact id: 'a07f637cb9e91939bec6e66ecf6d46fc') in 0.016076 seconds 
========================================================================
Received Import Request.
  Time since last request: 0.000290 seconds.
  path: Assets/Prefab/sklep1 1.prefab
  artifactKey: Guid(68401f45d68032b488cf40d254251fe3) Importer(815301076,1909f56bfc062723c751e8b465ee728b)
Start importing Assets/Prefab/sklep1 1.prefab using Guid(68401f45d68032b488cf40d254251fe3) Importer(815301076,1909f56bfc062723c751e8b465ee728b)  -> (artifact id: '6c5403187c557f044174e7c9a72acce3') in 0.017314 seconds 
========================================================================
Received Import Request.
  Time since last request: 5.724923 seconds.
  path: Assets/Prefab/vall.obj
  artifactKey: Guid(69dd0e7bbc996ba46ae2fb7a4617bdeb) Importer(815301076,1909f56bfc062723c751e8b465ee728b)
Start importing Assets/Prefab/vall.obj using Guid(69dd0e7bbc996ba46ae2fb7a4617bdeb) Importer(815301076,1909f56bfc062723c751e8b465ee728b)  -> (artifact id: 'b9bd26784026a7f6005390b79472b4d1') in 0.191259 seconds 
========================================================================
Received Import Request.
  Time since last request: 0.000271 seconds.
  path: Assets/Prefab/vall.png
  artifactKey: Guid(d4355add953ab044e81985e735a283f8) Importer(815301076,1909f56bfc062723c751e8b465ee728b)
Start importing Assets/Prefab/vall.png using Guid(d4355add953ab044e81985e735a283f8) Importer(815301076,1909f56bfc062723c751e8b465ee728b)  -> (artifact id: '7f9df153bf38d9355351a3eb4985eddb') in 0.040393 seconds 
========================================================================
Received Import Request.
  Time since last request: 398.204024 seconds.
  path: Assets/Platforms/Ground_Tile0.prefab
  artifactKey: Guid(8cf006c0f47ed8649b54511d37abcdb8) Importer(815301076,1909f56bfc062723c751e8b465ee728b)
Start importing Assets/Platforms/Ground_Tile0.prefab using Guid(8cf006c0f47ed8649b54511d37abcdb8) Importer(815301076,1909f56bfc062723c751e8b465ee728b)  -> (artifact id: 'ea65b6c2a4ca38062cb47f327b592928') in 0.026705 seconds 
========================================================================
Received Prepare
Registering precompiled user dll's ...
Registered in 0.005063 seconds.
Begin MonoManager ReloadAssembly
Native extension for WindowsStandalone target not found
Native extension for WebGL target not found
Refreshing native plugins compatible for Editor in 1.02 ms, found 2 plugins.
Preloading 0 native plugins for Editor in 0.00 ms.
Mono: successfully reloaded assembly
- Completed reload, in  1.634 seconds
Domain Reload Profiling:
	ReloadAssembly (1635ms)
		BeginReloadAssembly (198ms)
			ExecutionOrderSort (0ms)
			DisableScriptedObjects (10ms)
			BackupInstance (0ms)
			ReleaseScriptingObjects (0ms)
			CreateAndSetChildDomain (56ms)
		EndReloadAssembly (1346ms)
			LoadAssemblies (151ms)
			RebuildTransferFunctionScriptingTraits (0ms)
			SetupTypeCache (461ms)
			ReleaseScriptCaches (2ms)
			RebuildScriptCaches (67ms)
			SetupLoadedEditorAssemblies (452ms)
				LogAssemblyErrors (0ms)
				InitializePlatformSupportModulesInManaged (8ms)
				SetLoadedEditorAssemblies (1ms)
				RefreshPlugins (1ms)
				BeforeProcessingInitializeOnLoad (134ms)
				ProcessInitializeOnLoadAttributes (285ms)
				ProcessInitializeOnLoadMethodAttributes (13ms)
				AfterProcessingInitializeOnLoad (10ms)
				EditorAssembliesLoaded (0ms)
			ExecutionOrderSort2 (0ms)
			AwakeInstancesAfterBackupRestoration (25ms)
Platform modules already initialized, skipping
Switching build target platform(19) subTarget(0) extendedPlatform(0) -> platform(13) subTarget(537395200) extendedPlatform(0)
Refreshing native plugins compatible for Editor in 1.02 ms, found 2 plugins.
Preloading 0 native plugins for Editor in 0.00 ms.
Unloading 2821 Unused Serialized files (Serialized files now loaded: 0)
System memory in use before: 127.2 MB.
System memory in use after: 127.4 MB.

Unloading 25 unused Assets to reduce memory usage. Loaded Objects now: 3437.
Total: 4.218000 ms (FindLiveObjects: 0.316400 ms CreateObjectMapping: 0.144800 ms MarkObjects: 3.720600 ms  DeleteObjects: 0.034300 ms)

AssetImportParameters requested are different than current active one (requested -> active):
  custom:framework-win-MediaFoundation: 216162199b28c13a410421893ffa2e32 -> 
  custom:video-decoder-ogg-theora: a1e56fd34408186e4bbccfd4996cb3dc -> 
  custom:container-muxer-webm: aa71ff27fc2769a1b78a27578f13a17b -> 
  custom:container-demuxer-webm: 4f35f7cbe854078d1ac9338744f61a02 -> 
  custom:container-demuxer-ogg: 62fdf1f143b41e24485cea50d1cbac27 -> 
  custom:video-encoder-webm-vp8: eb34c28f22e8b96e1ab97ce403110664 -> 
  custom:video-decoder-webm-vp8: 9c59270c3fd7afecdb556c50c9e8de78 -> 
  custom:graphics/normal-map-encoding: 01000000000000000000000000000000 -> 02000000000000000000000000000000
  custom:audio-decoder-ogg-vorbis: bf7c407c2cedff20999df2af8eb42d56 -> 
  custom:audio-encoder-webm-vorbis: bf7c407c2cedff20999df2af8eb42d56 -> 
========================================================================
Received Import Request.
  Time since last request: 8.308495 seconds.
  path: Assets/Platforms/Ground_Tile1.prefab
  artifactKey: Guid(cd8930c3ed58c09438a8051dd7a7fed8) Importer(815301076,1909f56bfc062723c751e8b465ee728b)
Start importing Assets/Platforms/Ground_Tile1.prefab using Guid(cd8930c3ed58c09438a8051dd7a7fed8) Importer(815301076,1909f56bfc062723c751e8b465ee728b)  -> (artifact id: '52489d7204412826c45fa5fad7ecb6bd') in 0.248196 seconds 
========================================================================
Received Import Request.
  Time since last request: 1.502580 seconds.
  path: Assets/Platforms/Ground_Tile1.prefab
  artifactKey: Guid(cd8930c3ed58c09438a8051dd7a7fed8) Importer(815301076,1909f56bfc062723c751e8b465ee728b)
Start importing Assets/Platforms/Ground_Tile1.prefab using Guid(cd8930c3ed58c09438a8051dd7a7fed8) Importer(815301076,1909f56bfc062723c751e8b465ee728b)  -> (artifact id: '2d51d88eb8c2bacc5a4dc4d593863d8a') in 0.031494 seconds 
========================================================================
Received Import Request.
  Time since last request: 9.641507 seconds.
  path: Assets/Platforms/Ground_Tile1.prefab
  artifactKey: Guid(cd8930c3ed58c09438a8051dd7a7fed8) Importer(815301076,1909f56bfc062723c751e8b465ee728b)
Start importing Assets/Platforms/Ground_Tile1.prefab using Guid(cd8930c3ed58c09438a8051dd7a7fed8) Importer(815301076,1909f56bfc062723c751e8b465ee728b)  -> (artifact id: '09a57b418ae707817ad64c3170835e0f') in 0.031832 seconds 
========================================================================
Received Import Request.
  Time since last request: 6.748368 seconds.
  path: Assets/Platforms/Ground_Tile1.prefab
  artifactKey: Guid(cd8930c3ed58c09438a8051dd7a7fed8) Importer(815301076,1909f56bfc062723c751e8b465ee728b)
Start importing Assets/Platforms/Ground_Tile1.prefab using Guid(cd8930c3ed58c09438a8051dd7a7fed8) Importer(815301076,1909f56bfc062723c751e8b465ee728b)  -> (artifact id: 'f559d2cf060895aa83fb4ce85e264675') in 0.028146 seconds 
========================================================================
Received Import Request.
  Time since last request: 9.287456 seconds.
  path: Assets/Platforms/Ground_Tile2.prefab
  artifactKey: Guid(07fc85ba1e0d9cc41b2832527887f9b7) Importer(815301076,1909f56bfc062723c751e8b465ee728b)
Start importing Assets/Platforms/Ground_Tile2.prefab using Guid(07fc85ba1e0d9cc41b2832527887f9b7) Importer(815301076,1909f56bfc062723c751e8b465ee728b)  -> (artifact id: 'ffb752d551028ee8b4a8e90efa8581b1') in 0.063379 seconds 
========================================================================
Received Import Request.
  Time since last request: 10.613330 seconds.
  path: Assets/Platforms/Ground_Tile2.prefab
  artifactKey: Guid(07fc85ba1e0d9cc41b2832527887f9b7) Importer(815301076,1909f56bfc062723c751e8b465ee728b)
Start importing Assets/Platforms/Ground_Tile2.prefab using Guid(07fc85ba1e0d9cc41b2832527887f9b7) Importer(815301076,1909f56bfc062723c751e8b465ee728b)  -> (artifact id: '0014427db2461de3cc20e62c782daef6') in 0.040581 seconds 
========================================================================
Received Import Request.
  Time since last request: 8.422753 seconds.
  path: Assets/Platforms/Ground_Tile2.prefab
  artifactKey: Guid(07fc85ba1e0d9cc41b2832527887f9b7) Importer(815301076,1909f56bfc062723c751e8b465ee728b)
Start importing Assets/Platforms/Ground_Tile2.prefab using Guid(07fc85ba1e0d9cc41b2832527887f9b7) Importer(815301076,1909f56bfc062723c751e8b465ee728b)  -> (artifact id: '51840d992c8e621b49b93dbafddbc1f9') in 0.037944 seconds 
========================================================================
Received Import Request.
  Time since last request: 8.616926 seconds.
  path: Assets/Platforms/Ground_Tile2.prefab
  artifactKey: Guid(07fc85ba1e0d9cc41b2832527887f9b7) Importer(815301076,1909f56bfc062723c751e8b465ee728b)
Start importing Assets/Platforms/Ground_Tile2.prefab using Guid(07fc85ba1e0d9cc41b2832527887f9b7) Importer(815301076,1909f56bfc062723c751e8b465ee728b)  -> (artifact id: '1846a6999fc68fa1a0310911b6346059') in 0.054835 seconds 
========================================================================
Received Import Request.
  Time since last request: 4.596683 seconds.
  path: Assets/Platforms/Ground_Tile2.prefab
  artifactKey: Guid(07fc85ba1e0d9cc41b2832527887f9b7) Importer(815301076,1909f56bfc062723c751e8b465ee728b)
Start importing Assets/Platforms/Ground_Tile2.prefab using Guid(07fc85ba1e0d9cc41b2832527887f9b7) Importer(815301076,1909f56bfc062723c751e8b465ee728b)  -> (artifact id: 'ead9e52327f4da92aa69ddcf46b72a99') in 0.058882 seconds 
========================================================================
Received Import Request.
  Time since last request: 5.839893 seconds.
  path: Assets/Platforms/Ground_Tile3.prefab
  artifactKey: Guid(817bd877b4a3b154485b50e0a6d8443a) Importer(815301076,1909f56bfc062723c751e8b465ee728b)
Start importing Assets/Platforms/Ground_Tile3.prefab using Guid(817bd877b4a3b154485b50e0a6d8443a) Importer(815301076,1909f56bfc062723c751e8b465ee728b)  -> (artifact id: '172774a11b8b5af1ad5076057b2256f6') in 0.031910 seconds 
========================================================================
Received Import Request.
  Time since last request: 12.068135 seconds.
  path: Assets/Platforms/Ground_Tile3.prefab
  artifactKey: Guid(817bd877b4a3b154485b50e0a6d8443a) Importer(815301076,1909f56bfc062723c751e8b465ee728b)
Start importing Assets/Platforms/Ground_Tile3.prefab using Guid(817bd877b4a3b154485b50e0a6d8443a) Importer(815301076,1909f56bfc062723c751e8b465ee728b)  -> (artifact id: 'a3b1e0a05db12d523df07da9aa326146') in 0.029359 seconds 
========================================================================
Received Import Request.
  Time since last request: 5.073389 seconds.
  path: Assets/Platforms/Ground_Tile3.prefab
  artifactKey: Guid(817bd877b4a3b154485b50e0a6d8443a) Importer(815301076,1909f56bfc062723c751e8b465ee728b)
Start importing Assets/Platforms/Ground_Tile3.prefab using Guid(817bd877b4a3b154485b50e0a6d8443a) Importer(815301076,1909f56bfc062723c751e8b465ee728b)  -> (artifact id: '2e31ef7af442c1616a3d4f081a545242') in 0.035259 seconds 
========================================================================
Received Import Request.
  Time since last request: 7.622904 seconds.
  path: Assets/Platforms/Ground_Tile3.prefab
  artifactKey: Guid(817bd877b4a3b154485b50e0a6d8443a) Importer(815301076,1909f56bfc062723c751e8b465ee728b)
Start importing Assets/Platforms/Ground_Tile3.prefab using Guid(817bd877b4a3b154485b50e0a6d8443a) Importer(815301076,1909f56bfc062723c751e8b465ee728b)  -> (artifact id: 'a55f8449c543e1115543053c26626c8c') in 0.035189 seconds 
========================================================================
Received Import Request.
  Time since last request: 9.441127 seconds.
  path: Assets/Platforms/Ground_Tile3.prefab
  artifactKey: Guid(817bd877b4a3b154485b50e0a6d8443a) Importer(815301076,1909f56bfc062723c751e8b465ee728b)
Start importing Assets/Platforms/Ground_Tile3.prefab using Guid(817bd877b4a3b154485b50e0a6d8443a) Importer(815301076,1909f56bfc062723c751e8b465ee728b)  -> (artifact id: '019f708863801ebac1e8327d397ff4fa') in 0.034840 seconds 
========================================================================
Received Import Request.
  Time since last request: 4.165792 seconds.
  path: Assets/Platforms/Ground_Tile3.prefab
  artifactKey: Guid(817bd877b4a3b154485b50e0a6d8443a) Importer(815301076,1909f56bfc062723c751e8b465ee728b)
Start importing Assets/Platforms/Ground_Tile3.prefab using Guid(817bd877b4a3b154485b50e0a6d8443a) Importer(815301076,1909f56bfc062723c751e8b465ee728b)  -> (artifact id: 'a3f40963b71751dd27afc7fa8f78f41d') in 0.025138 seconds 
========================================================================
Received Import Request.
  Time since last request: 16.661801 seconds.
  path: Assets/Platforms/Ground_Tile2.prefab
  artifactKey: Guid(07fc85ba1e0d9cc41b2832527887f9b7) Importer(815301076,1909f56bfc062723c751e8b465ee728b)
Start importing Assets/Platforms/Ground_Tile2.prefab using Guid(07fc85ba1e0d9cc41b2832527887f9b7) Importer(815301076,1909f56bfc062723c751e8b465ee728b)  -> (artifact id: '6f9f2fd65390d1e0928260a37007670d') in 0.060648 seconds 
========================================================================
Received Import Request.
  Time since last request: 4.556463 seconds.
  path: Assets/Platforms/Ground_Tile2.prefab
  artifactKey: Guid(07fc85ba1e0d9cc41b2832527887f9b7) Importer(815301076,1909f56bfc062723c751e8b465ee728b)
Start importing Assets/Platforms/Ground_Tile2.prefab using Guid(07fc85ba1e0d9cc41b2832527887f9b7) Importer(815301076,1909f56bfc062723c751e8b465ee728b)  -> (artifact id: '0d41e7025829f91d9e9ba72fbfebd9f5') in 0.059479 seconds 
========================================================================
Received Import Request.
  Time since last request: 12.889340 seconds.
  path: Assets/Platforms/Ground_Tile1.prefab
  artifactKey: Guid(cd8930c3ed58c09438a8051dd7a7fed8) Importer(815301076,1909f56bfc062723c751e8b465ee728b)
Start importing Assets/Platforms/Ground_Tile1.prefab using Guid(cd8930c3ed58c09438a8051dd7a7fed8) Importer(815301076,1909f56bfc062723c751e8b465ee728b)  -> (artifact id: 'e9a61491b64937854ba360a8c9366c2f') in 0.032348 seconds 
========================================================================
Received Import Request.
  Time since last request: 5.979984 seconds.
  path: Assets/Platforms/Ground_Tile1.prefab
  artifactKey: Guid(cd8930c3ed58c09438a8051dd7a7fed8) Importer(815301076,1909f56bfc062723c751e8b465ee728b)
Start importing Assets/Platforms/Ground_Tile1.prefab using Guid(cd8930c3ed58c09438a8051dd7a7fed8) Importer(815301076,1909f56bfc062723c751e8b465ee728b)  -> (artifact id: 'f1366d22925894b0a7a01b765dfef246') in 0.027974 seconds 
========================================================================
Received Prepare
Registering precompiled user dll's ...
Registered in 0.005279 seconds.
Begin MonoManager ReloadAssembly
Native extension for WindowsStandalone target not found
Native extension for WebGL target not found
Refreshing native plugins compatible for Editor in 1.00 ms, found 2 plugins.
Preloading 0 native plugins for Editor in 0.00 ms.
Mono: successfully reloaded assembly
- Completed reload, in  1.603 seconds
Domain Reload Profiling:
	ReloadAssembly (1604ms)
		BeginReloadAssembly (172ms)
			ExecutionOrderSort (0ms)
			DisableScriptedObjects (11ms)
			BackupInstance (0ms)
			ReleaseScriptingObjects (0ms)
			CreateAndSetChildDomain (52ms)
		EndReloadAssembly (1339ms)
			LoadAssemblies (146ms)
			RebuildTransferFunctionScriptingTraits (0ms)
			SetupTypeCache (437ms)
			ReleaseScriptCaches (2ms)
			RebuildScriptCaches (67ms)
			SetupLoadedEditorAssemblies (468ms)
				LogAssemblyErrors (0ms)
				InitializePlatformSupportModulesInManaged (7ms)
				SetLoadedEditorAssemblies (1ms)
				RefreshPlugins (1ms)
				BeforeProcessingInitializeOnLoad (137ms)
				ProcessInitializeOnLoadAttributes (298ms)
				ProcessInitializeOnLoadMethodAttributes (13ms)
				AfterProcessingInitializeOnLoad (10ms)
				EditorAssembliesLoaded (1ms)
			ExecutionOrderSort2 (0ms)
			AwakeInstancesAfterBackupRestoration (26ms)
Platform modules already initialized, skipping
Switching build target platform(19) subTarget(0) extendedPlatform(0) -> platform(13) subTarget(537395200) extendedPlatform(0)
Refreshing native plugins compatible for Editor in 1.05 ms, found 2 plugins.
Preloading 0 native plugins for Editor in 0.00 ms.
Unloading 2821 Unused Serialized files (Serialized files now loaded: 0)
System memory in use before: 127.5 MB.
System memory in use after: 127.7 MB.

Unloading 25 unused Assets to reduce memory usage. Loaded Objects now: 3476.
Total: 4.463000 ms (FindLiveObjects: 0.289000 ms CreateObjectMapping: 0.141300 ms MarkObjects: 3.996000 ms  DeleteObjects: 0.035100 ms)

AssetImportParameters requested are different than current active one (requested -> active):
  custom:framework-win-MediaFoundation: 216162199b28c13a410421893ffa2e32 -> 
  custom:video-decoder-ogg-theora: a1e56fd34408186e4bbccfd4996cb3dc -> 
  custom:container-muxer-webm: aa71ff27fc2769a1b78a27578f13a17b -> 
  custom:container-demuxer-webm: 4f35f7cbe854078d1ac9338744f61a02 -> 
  custom:container-demuxer-ogg: 62fdf1f143b41e24485cea50d1cbac27 -> 
  custom:video-encoder-webm-vp8: eb34c28f22e8b96e1ab97ce403110664 -> 
  custom:video-decoder-webm-vp8: 9c59270c3fd7afecdb556c50c9e8de78 -> 
  custom:graphics/normal-map-encoding: 01000000000000000000000000000000 -> 02000000000000000000000000000000
  custom:audio-decoder-ogg-vorbis: bf7c407c2cedff20999df2af8eb42d56 -> 
  custom:audio-encoder-webm-vorbis: bf7c407c2cedff20999df2af8eb42d56 -> 
========================================================================
Received Import Request.
  Time since last request: 87.833541 seconds.
  path: Assets/Platforms/Ground_Tile3.prefab
  artifactKey: Guid(817bd877b4a3b154485b50e0a6d8443a) Importer(815301076,1909f56bfc062723c751e8b465ee728b)
Start importing Assets/Platforms/Ground_Tile3.prefab using Guid(817bd877b4a3b154485b50e0a6d8443a) Importer(815301076,1909f56bfc062723c751e8b465ee728b)  -> (artifact id: 'c561ff769554274a0e76574e4b9c89c5') in 0.266557 seconds 
========================================================================
Received Import Request.
  Time since last request: 2.917286 seconds.
  path: Assets/Platforms/Ground_Tile3.prefab
  artifactKey: Guid(817bd877b4a3b154485b50e0a6d8443a) Importer(815301076,1909f56bfc062723c751e8b465ee728b)
Start importing Assets/Platforms/Ground_Tile3.prefab using Guid(817bd877b4a3b154485b50e0a6d8443a) Importer(815301076,1909f56bfc062723c751e8b465ee728b)  -> (artifact id: '48454df691731b581feca76c05668087') in 0.030334 seconds 
========================================================================
Received Import Request.
  Time since last request: 47.596410 seconds.
  path: Assets/Platforms/Ground_Tile1.prefab
  artifactKey: Guid(cd8930c3ed58c09438a8051dd7a7fed8) Importer(815301076,1909f56bfc062723c751e8b465ee728b)
Start importing Assets/Platforms/Ground_Tile1.prefab using Guid(cd8930c3ed58c09438a8051dd7a7fed8) Importer(815301076,1909f56bfc062723c751e8b465ee728b)  -> (artifact id: '1f9552a1914fcf3c007c4422e08571f0') in 0.034509 seconds 
========================================================================
Received Import Request.
  Time since last request: 17.077399 seconds.
  path: Assets/Platforms/Ground_Tile1.prefab
  artifactKey: Guid(cd8930c3ed58c09438a8051dd7a7fed8) Importer(815301076,1909f56bfc062723c751e8b465ee728b)
Start importing Assets/Platforms/Ground_Tile1.prefab using Guid(cd8930c3ed58c09438a8051dd7a7fed8) Importer(815301076,1909f56bfc062723c751e8b465ee728b)  -> (artifact id: '86f42318dd18d8ee08078947656677be') in 0.028283 seconds 
========================================================================
Received Prepare
Registering precompiled user dll's ...
Registered in 0.006128 seconds.
Begin MonoManager ReloadAssembly
Native extension for WindowsStandalone target not found
Native extension for WebGL target not found
Refreshing native plugins compatible for Editor in 1.11 ms, found 2 plugins.
Preloading 0 native plugins for Editor in 0.00 ms.
Mono: successfully reloaded assembly
- Completed reload, in  1.718 seconds
Domain Reload Profiling:
	ReloadAssembly (1719ms)
		BeginReloadAssembly (185ms)
			ExecutionOrderSort (0ms)
			DisableScriptedObjects (11ms)
			BackupInstance (0ms)
			ReleaseScriptingObjects (0ms)
			CreateAndSetChildDomain (52ms)
		EndReloadAssembly (1432ms)
			LoadAssemblies (166ms)
			RebuildTransferFunctionScriptingTraits (0ms)
			SetupTypeCache (452ms)
			ReleaseScriptCaches (2ms)
			RebuildScriptCaches (69ms)
			SetupLoadedEditorAssemblies (499ms)
				LogAssemblyErrors (0ms)
				InitializePlatformSupportModulesInManaged (7ms)
				SetLoadedEditorAssemblies (1ms)
				RefreshPlugins (1ms)
				BeforeProcessingInitializeOnLoad (137ms)
				ProcessInitializeOnLoadAttributes (325ms)
				ProcessInitializeOnLoadMethodAttributes (16ms)
				AfterProcessingInitializeOnLoad (10ms)
				EditorAssembliesLoaded (0ms)
			ExecutionOrderSort2 (0ms)
			AwakeInstancesAfterBackupRestoration (27ms)
Platform modules already initialized, skipping
Switching build target platform(19) subTarget(0) extendedPlatform(0) -> platform(13) subTarget(537395200) extendedPlatform(0)
Refreshing native plugins compatible for Editor in 1.14 ms, found 2 plugins.
Preloading 0 native plugins for Editor in 0.00 ms.
Unloading 2821 Unused Serialized files (Serialized files now loaded: 0)
System memory in use before: 127.6 MB.
System memory in use after: 127.8 MB.

Unloading 25 unused Assets to reduce memory usage. Loaded Objects now: 3515.
Total: 4.519300 ms (FindLiveObjects: 0.284900 ms CreateObjectMapping: 0.142400 ms MarkObjects: 4.060200 ms  DeleteObjects: 0.030200 ms)

AssetImportParameters requested are different than current active one (requested -> active):
  custom:framework-win-MediaFoundation: 216162199b28c13a410421893ffa2e32 -> 
  custom:video-decoder-ogg-theora: a1e56fd34408186e4bbccfd4996cb3dc -> 
  custom:container-muxer-webm: aa71ff27fc2769a1b78a27578f13a17b -> 
  custom:container-demuxer-webm: 4f35f7cbe854078d1ac9338744f61a02 -> 
  custom:container-demuxer-ogg: 62fdf1f143b41e24485cea50d1cbac27 -> 
  custom:video-encoder-webm-vp8: eb34c28f22e8b96e1ab97ce403110664 -> 
  custom:video-decoder-webm-vp8: 9c59270c3fd7afecdb556c50c9e8de78 -> 
  custom:graphics/normal-map-encoding: 01000000000000000000000000000000 -> 02000000000000000000000000000000
  custom:audio-decoder-ogg-vorbis: bf7c407c2cedff20999df2af8eb42d56 -> 
  custom:audio-encoder-webm-vorbis: bf7c407c2cedff20999df2af8eb42d56 -> 
========================================================================
Received Import Request.
  Time since last request: 35.663781 seconds.
  path: Assets/Platforms/Ground_Tile0.prefab
  artifactKey: Guid(8cf006c0f47ed8649b54511d37abcdb8) Importer(815301076,1909f56bfc062723c751e8b465ee728b)
Start importing Assets/Platforms/Ground_Tile0.prefab using Guid(8cf006c0f47ed8649b54511d37abcdb8) Importer(815301076,1909f56bfc062723c751e8b465ee728b)  -> (artifact id: '703938c2b56dc97f90521a361f9fbcf8') in 0.258349 seconds 
========================================================================
Received Import Request.
  Time since last request: 6.027418 seconds.
  path: Assets/Platforms/Ground_Tile0.prefab
  artifactKey: Guid(8cf006c0f47ed8649b54511d37abcdb8) Importer(815301076,1909f56bfc062723c751e8b465ee728b)
Start importing Assets/Platforms/Ground_Tile0.prefab using Guid(8cf006c0f47ed8649b54511d37abcdb8) Importer(815301076,1909f56bfc062723c751e8b465ee728b)  -> (artifact id: '37b18831016bd2164c5ef309485be411') in 0.021644 seconds 
========================================================================
Received Import Request.
  Time since last request: 8.451750 seconds.
  path: Assets/Platforms/Ground_Tile0.prefab
  artifactKey: Guid(8cf006c0f47ed8649b54511d37abcdb8) Importer(815301076,1909f56bfc062723c751e8b465ee728b)
Start importing Assets/Platforms/Ground_Tile0.prefab using Guid(8cf006c0f47ed8649b54511d37abcdb8) Importer(815301076,1909f56bfc062723c751e8b465ee728b)  -> (artifact id: '65b61ac9539e01be1f30925f73a96085') in 0.025099 seconds 
========================================================================
Received Prepare
Registering precompiled user dll's ...
Registered in 0.005113 seconds.
Begin MonoManager ReloadAssembly
Native extension for WindowsStandalone target not found
Native extension for WebGL target not found
Refreshing native plugins compatible for Editor in 1.52 ms, found 2 plugins.
Preloading 0 native plugins for Editor in 0.00 ms.
Mono: successfully reloaded assembly
- Completed reload, in  1.715 seconds
Domain Reload Profiling:
	ReloadAssembly (1716ms)
		BeginReloadAssembly (178ms)
			ExecutionOrderSort (0ms)
			DisableScriptedObjects (11ms)
			BackupInstance (0ms)
			ReleaseScriptingObjects (0ms)
			CreateAndSetChildDomain (51ms)
		EndReloadAssembly (1443ms)
			LoadAssemblies (158ms)
			RebuildTransferFunctionScriptingTraits (0ms)
			SetupTypeCache (471ms)
			ReleaseScriptCaches (2ms)
			RebuildScriptCaches (75ms)
			SetupLoadedEditorAssemblies (473ms)
				LogAssemblyErrors (0ms)
				InitializePlatformSupportModulesInManaged (7ms)
				SetLoadedEditorAssemblies (1ms)
				RefreshPlugins (2ms)
				BeforeProcessingInitializeOnLoad (139ms)
				ProcessInitializeOnLoadAttributes (299ms)
				ProcessInitializeOnLoadMethodAttributes (14ms)
				AfterProcessingInitializeOnLoad (10ms)
				EditorAssembliesLoaded (0ms)
			ExecutionOrderSort2 (0ms)
			AwakeInstancesAfterBackupRestoration (28ms)
Platform modules already initialized, skipping
Switching build target platform(19) subTarget(0) extendedPlatform(0) -> platform(13) subTarget(537395200) extendedPlatform(0)
Refreshing native plugins compatible for Editor in 1.23 ms, found 2 plugins.
Preloading 0 native plugins for Editor in 0.00 ms.
Unloading 2821 Unused Serialized files (Serialized files now loaded: 0)
System memory in use before: 127.8 MB.
System memory in use after: 128.0 MB.

Unloading 25 unused Assets to reduce memory usage. Loaded Objects now: 3554.
Total: 4.918900 ms (FindLiveObjects: 0.463000 ms CreateObjectMapping: 0.164200 ms MarkObjects: 4.253600 ms  DeleteObjects: 0.036400 ms)

AssetImportParameters requested are different than current active one (requested -> active):
  custom:framework-win-MediaFoundation: 216162199b28c13a410421893ffa2e32 -> 
  custom:video-decoder-ogg-theora: a1e56fd34408186e4bbccfd4996cb3dc -> 
  custom:container-muxer-webm: aa71ff27fc2769a1b78a27578f13a17b -> 
  custom:container-demuxer-webm: 4f35f7cbe854078d1ac9338744f61a02 -> 
  custom:container-demuxer-ogg: 62fdf1f143b41e24485cea50d1cbac27 -> 
  custom:video-encoder-webm-vp8: eb34c28f22e8b96e1ab97ce403110664 -> 
  custom:video-decoder-webm-vp8: 9c59270c3fd7afecdb556c50c9e8de78 -> 
  custom:graphics/normal-map-encoding: 01000000000000000000000000000000 -> 02000000000000000000000000000000
  custom:audio-decoder-ogg-vorbis: bf7c407c2cedff20999df2af8eb42d56 -> 
  custom:audio-encoder-webm-vorbis: bf7c407c2cedff20999df2af8eb42d56 -> 
========================================================================
Received Prepare
Registering precompiled user dll's ...
Registered in 0.005261 seconds.
Begin MonoManager ReloadAssembly
Native extension for WindowsStandalone target not found
Native extension for WebGL target not found
Refreshing native plugins compatible for Editor in 1.06 ms, found 2 plugins.
Preloading 0 native plugins for Editor in 0.00 ms.
Mono: successfully reloaded assembly
- Completed reload, in  1.730 seconds
Domain Reload Profiling:
	ReloadAssembly (1731ms)
		BeginReloadAssembly (172ms)
			ExecutionOrderSort (0ms)
			DisableScriptedObjects (9ms)
			BackupInstance (0ms)
			ReleaseScriptingObjects (0ms)
			CreateAndSetChildDomain (48ms)
		EndReloadAssembly (1452ms)
			LoadAssemblies (159ms)
			RebuildTransferFunctionScriptingTraits (0ms)
			SetupTypeCache (463ms)
			ReleaseScriptCaches (2ms)
			RebuildScriptCaches (70ms)
			SetupLoadedEditorAssemblies (477ms)
				LogAssemblyErrors (0ms)
				InitializePlatformSupportModulesInManaged (8ms)
				SetLoadedEditorAssemblies (1ms)
				RefreshPlugins (1ms)
				BeforeProcessingInitializeOnLoad (147ms)
				ProcessInitializeOnLoadAttributes (297ms)
				ProcessInitializeOnLoadMethodAttributes (13ms)
				AfterProcessingInitializeOnLoad (10ms)
				EditorAssembliesLoaded (0ms)
			ExecutionOrderSort2 (0ms)
			AwakeInstancesAfterBackupRestoration (27ms)
Platform modules already initialized, skipping
Switching build target platform(19) subTarget(0) extendedPlatform(0) -> platform(13) subTarget(537395200) extendedPlatform(0)
Refreshing native plugins compatible for Editor in 1.33 ms, found 2 plugins.
Preloading 0 native plugins for Editor in 0.00 ms.
Unloading 2821 Unused Serialized files (Serialized files now loaded: 0)
System memory in use before: 127.8 MB.
System memory in use after: 128.0 MB.

Unloading 25 unused Assets to reduce memory usage. Loaded Objects now: 3557.
Total: 4.418600 ms (FindLiveObjects: 0.311400 ms CreateObjectMapping: 0.145600 ms MarkObjects: 3.923700 ms  DeleteObjects: 0.036100 ms)

AssetImportParameters requested are different than current active one (requested -> active):
  custom:framework-win-MediaFoundation: 216162199b28c13a410421893ffa2e32 -> 
  custom:video-decoder-ogg-theora: a1e56fd34408186e4bbccfd4996cb3dc -> 
  custom:container-muxer-webm: aa71ff27fc2769a1b78a27578f13a17b -> 
  custom:container-demuxer-webm: 4f35f7cbe854078d1ac9338744f61a02 -> 
  custom:container-demuxer-ogg: 62fdf1f143b41e24485cea50d1cbac27 -> 
  custom:video-encoder-webm-vp8: eb34c28f22e8b96e1ab97ce403110664 -> 
  custom:video-decoder-webm-vp8: 9c59270c3fd7afecdb556c50c9e8de78 -> 
  custom:graphics/normal-map-encoding: 01000000000000000000000000000000 -> 02000000000000000000000000000000
  custom:audio-decoder-ogg-vorbis: bf7c407c2cedff20999df2af8eb42d56 -> 
  custom:audio-encoder-webm-vorbis: bf7c407c2cedff20999df2af8eb42d56 -> 
========================================================================
Received Import Request.
  Time since last request: 101.556934 seconds.
  path: Assets/Platforms/Ground_Tile3.prefab
  artifactKey: Guid(817bd877b4a3b154485b50e0a6d8443a) Importer(815301076,1909f56bfc062723c751e8b465ee728b)
Start importing Assets/Platforms/Ground_Tile3.prefab using Guid(817bd877b4a3b154485b50e0a6d8443a) Importer(815301076,1909f56bfc062723c751e8b465ee728b)  -> (artifact id: '1c2ed00858578fa5582944af595beb9b') in 0.282848 seconds 
========================================================================
Received Import Request.
  Time since last request: 0.413787 seconds.
  path: Assets/Platforms/Ground_Tile3.prefab
  artifactKey: Guid(817bd877b4a3b154485b50e0a6d8443a) Importer(815301076,1909f56bfc062723c751e8b465ee728b)
Start importing Assets/Platforms/Ground_Tile3.prefab using Guid(817bd877b4a3b154485b50e0a6d8443a) Importer(815301076,1909f56bfc062723c751e8b465ee728b)  -> (artifact id: '5c72ce264c96cf47694d2d0e5a98b484') in 0.028512 seconds 
========================================================================
Received Import Request.
  Time since last request: 27.580818 seconds.
  path: Assets/Platforms/Ground_Tile2.prefab
  artifactKey: Guid(07fc85ba1e0d9cc41b2832527887f9b7) Importer(815301076,1909f56bfc062723c751e8b465ee728b)
Start importing Assets/Platforms/Ground_Tile2.prefab using Guid(07fc85ba1e0d9cc41b2832527887f9b7) Importer(815301076,1909f56bfc062723c751e8b465ee728b)  -> (artifact id: 'e78ea94e7e240bdaf4dd09d34df950a9') in 0.055489 seconds 
========================================================================
Received Import Request.
  Time since last request: 9.413691 seconds.
  path: Assets/Platforms/Ground_Tile2.prefab
  artifactKey: Guid(07fc85ba1e0d9cc41b2832527887f9b7) Importer(815301076,1909f56bfc062723c751e8b465ee728b)
Start importing Assets/Platforms/Ground_Tile2.prefab using Guid(07fc85ba1e0d9cc41b2832527887f9b7) Importer(815301076,1909f56bfc062723c751e8b465ee728b)  -> (artifact id: '384000a0911b300e23b7f40f0a3dc868') in 0.051004 seconds 
========================================================================
Received Import Request.
  Time since last request: 44.493441 seconds.
  path: Assets/Models/+.obj
  artifactKey: Guid(216f5a64ee098484f8f807c4a4c0d40f) Importer(815301076,1909f56bfc062723c751e8b465ee728b)
Start importing Assets/Models/+.obj using Guid(216f5a64ee098484f8f807c4a4c0d40f) Importer(815301076,1909f56bfc062723c751e8b465ee728b)  -> (artifact id: '292bdaeb7f82a4c744a84a07ebcd6033') in 0.064252 seconds 
========================================================================
Received Import Request.
  Time since last request: 2.117841 seconds.
  path: Assets/Materials/+.mat
  artifactKey: Guid(cc425477094e9014387967eaf536e515) Importer(815301076,1909f56bfc062723c751e8b465ee728b)
Start importing Assets/Materials/+.mat using Guid(cc425477094e9014387967eaf536e515) Importer(815301076,1909f56bfc062723c751e8b465ee728b)  -> (artifact id: '3c30d998a56e528a7b6fd24797a29a73') in 0.040866 seconds 
========================================================================
Received Prepare
Registering precompiled user dll's ...
Registered in 0.006588 seconds.
Begin MonoManager ReloadAssembly
Native extension for WindowsStandalone target not found
Native extension for WebGL target not found
Refreshing native plugins compatible for Editor in 1.17 ms, found 2 plugins.
Preloading 0 native plugins for Editor in 0.00 ms.
Mono: successfully reloaded assembly
- Completed reload, in  1.690 seconds
Domain Reload Profiling:
	ReloadAssembly (1691ms)
		BeginReloadAssembly (222ms)
			ExecutionOrderSort (0ms)
			DisableScriptedObjects (13ms)
			BackupInstance (0ms)
			ReleaseScriptingObjects (0ms)
			CreateAndSetChildDomain (59ms)
		EndReloadAssembly (1338ms)
			LoadAssemblies (196ms)
			RebuildTransferFunctionScriptingTraits (0ms)
			SetupTypeCache (413ms)
			ReleaseScriptCaches (2ms)
			RebuildScriptCaches (65ms)
			SetupLoadedEditorAssemblies (443ms)
				LogAssemblyErrors (0ms)
				InitializePlatformSupportModulesInManaged (8ms)
				SetLoadedEditorAssemblies (1ms)
				RefreshPlugins (1ms)
				BeforeProcessingInitializeOnLoad (132ms)
				ProcessInitializeOnLoadAttributes (278ms)
				ProcessInitializeOnLoadMethodAttributes (13ms)
				AfterProcessingInitializeOnLoad (9ms)
				EditorAssembliesLoaded (0ms)
			ExecutionOrderSort2 (0ms)
			AwakeInstancesAfterBackupRestoration (26ms)
Platform modules already initialized, skipping
Switching build target platform(19) subTarget(0) extendedPlatform(0) -> platform(13) subTarget(537395200) extendedPlatform(0)
Refreshing native plugins compatible for Editor in 1.10 ms, found 2 plugins.
Preloading 0 native plugins for Editor in 0.00 ms.
Unloading 2821 Unused Serialized files (Serialized files now loaded: 0)
System memory in use before: 128.0 MB.
System memory in use after: 128.3 MB.

Unloading 25 unused Assets to reduce memory usage. Loaded Objects now: 3596.
Total: 4.389100 ms (FindLiveObjects: 0.308800 ms CreateObjectMapping: 0.142600 ms MarkObjects: 3.902000 ms  DeleteObjects: 0.034200 ms)

AssetImportParameters requested are different than current active one (requested -> active):
  custom:framework-win-MediaFoundation: 216162199b28c13a410421893ffa2e32 -> 
  custom:video-decoder-ogg-theora: a1e56fd34408186e4bbccfd4996cb3dc -> 
  custom:container-muxer-webm: aa71ff27fc2769a1b78a27578f13a17b -> 
  custom:container-demuxer-webm: 4f35f7cbe854078d1ac9338744f61a02 -> 
  custom:container-demuxer-ogg: 62fdf1f143b41e24485cea50d1cbac27 -> 
  custom:video-encoder-webm-vp8: eb34c28f22e8b96e1ab97ce403110664 -> 
  custom:video-decoder-webm-vp8: 9c59270c3fd7afecdb556c50c9e8de78 -> 
  custom:graphics/normal-map-encoding: 01000000000000000000000000000000 -> 02000000000000000000000000000000
  custom:audio-decoder-ogg-vorbis: bf7c407c2cedff20999df2af8eb42d56 -> 
  custom:audio-encoder-webm-vorbis: bf7c407c2cedff20999df2af8eb42d56 -> 
========================================================================
Received Import Request.
  Time since last request: 1446.977765 seconds.
  path: Assets/Platforms/Ground_Tile3.prefab
  artifactKey: Guid(817bd877b4a3b154485b50e0a6d8443a) Importer(815301076,1909f56bfc062723c751e8b465ee728b)
Start importing Assets/Platforms/Ground_Tile3.prefab using Guid(817bd877b4a3b154485b50e0a6d8443a) Importer(815301076,1909f56bfc062723c751e8b465ee728b)  -> (artifact id: '564394a65ba382a82eb39e01fd143c22') in 0.263596 seconds 
========================================================================
Received Prepare
Registering precompiled user dll's ...
Registered in 0.006129 seconds.
Begin MonoManager ReloadAssembly
Native extension for WindowsStandalone target not found
Native extension for WebGL target not found
Refreshing native plugins compatible for Editor in 1.14 ms, found 2 plugins.
Preloading 0 native plugins for Editor in 0.00 ms.
Mono: successfully reloaded assembly
- Completed reload, in  1.889 seconds
Domain Reload Profiling:
	ReloadAssembly (1889ms)
		BeginReloadAssembly (202ms)
			ExecutionOrderSort (0ms)
			DisableScriptedObjects (12ms)
			BackupInstance (0ms)
			ReleaseScriptingObjects (0ms)
			CreateAndSetChildDomain (57ms)
		EndReloadAssembly (1557ms)
			LoadAssemblies (189ms)
			RebuildTransferFunctionScriptingTraits (0ms)
			SetupTypeCache (509ms)
			ReleaseScriptCaches (2ms)
			RebuildScriptCaches (75ms)
			SetupLoadedEditorAssemblies (492ms)
				LogAssemblyErrors (0ms)
				InitializePlatformSupportModulesInManaged (8ms)
				SetLoadedEditorAssemblies (1ms)
				RefreshPlugins (1ms)
				BeforeProcessingInitializeOnLoad (151ms)
				ProcessInitializeOnLoadAttributes (308ms)
				ProcessInitializeOnLoadMethodAttributes (13ms)
				AfterProcessingInitializeOnLoad (9ms)
				EditorAssembliesLoaded (0ms)
			ExecutionOrderSort2 (0ms)
			AwakeInstancesAfterBackupRestoration (30ms)
Platform modules already initialized, skipping
Switching build target platform(19) subTarget(0) extendedPlatform(0) -> platform(13) subTarget(537395200) extendedPlatform(0)
Refreshing native plugins compatible for Editor in 0.98 ms, found 2 plugins.
Preloading 0 native plugins for Editor in 0.00 ms.
Unloading 2821 Unused Serialized files (Serialized files now loaded: 0)
System memory in use before: 128.1 MB.
System memory in use after: 128.4 MB.

Unloading 25 unused Assets to reduce memory usage. Loaded Objects now: 3635.
Total: 5.238100 ms (FindLiveObjects: 0.358600 ms CreateObjectMapping: 0.150500 ms MarkObjects: 4.693300 ms  DeleteObjects: 0.033700 ms)

AssetImportParameters requested are different than current active one (requested -> active):
  custom:framework-win-MediaFoundation: 216162199b28c13a410421893ffa2e32 -> 
  custom:video-decoder-ogg-theora: a1e56fd34408186e4bbccfd4996cb3dc -> 
  custom:container-muxer-webm: aa71ff27fc2769a1b78a27578f13a17b -> 
  custom:container-demuxer-webm: 4f35f7cbe854078d1ac9338744f61a02 -> 
  custom:container-demuxer-ogg: 62fdf1f143b41e24485cea50d1cbac27 -> 
  custom:video-encoder-webm-vp8: eb34c28f22e8b96e1ab97ce403110664 -> 
  custom:video-decoder-webm-vp8: 9c59270c3fd7afecdb556c50c9e8de78 -> 
  custom:graphics/normal-map-encoding: 01000000000000000000000000000000 -> 02000000000000000000000000000000
  custom:audio-decoder-ogg-vorbis: bf7c407c2cedff20999df2af8eb42d56 -> 
  custom:audio-encoder-webm-vorbis: bf7c407c2cedff20999df2af8eb42d56 -> 
========================================================================
Received Import Request.
  Time since last request: 13.757024 seconds.
  path: Assets/Platforms/Ground_Tile3.prefab
  artifactKey: Guid(817bd877b4a3b154485b50e0a6d8443a) Importer(815301076,1909f56bfc062723c751e8b465ee728b)
Start importing Assets/Platforms/Ground_Tile3.prefab using Guid(817bd877b4a3b154485b50e0a6d8443a) Importer(815301076,1909f56bfc062723c751e8b465ee728b)  -> (artifact id: '2cbfb5f4bc6f15f81f66a6571e764d01') in 0.252559 seconds 
========================================================================
Received Prepare
Registering precompiled user dll's ...
Registered in 0.006855 seconds.
Begin MonoManager ReloadAssembly
Native extension for WindowsStandalone target not found
Native extension for WebGL target not found
Refreshing native plugins compatible for Editor in 1.38 ms, found 2 plugins.
Preloading 0 native plugins for Editor in 0.00 ms.
Mono: successfully reloaded assembly
- Completed reload, in  1.980 seconds
Domain Reload Profiling:
	ReloadAssembly (1981ms)
		BeginReloadAssembly (178ms)
			ExecutionOrderSort (0ms)
			DisableScriptedObjects (11ms)
			BackupInstance (0ms)
			ReleaseScriptingObjects (0ms)
			CreateAndSetChildDomain (50ms)
		EndReloadAssembly (1691ms)
			LoadAssemblies (175ms)
			RebuildTransferFunctionScriptingTraits (0ms)
			SetupTypeCache (491ms)
			ReleaseScriptCaches (2ms)
			RebuildScriptCaches (83ms)
			SetupLoadedEditorAssemblies (566ms)
				LogAssemblyErrors (0ms)
				InitializePlatformSupportModulesInManaged (10ms)
				SetLoadedEditorAssemblies (1ms)
				RefreshPlugins (2ms)
				BeforeProcessingInitializeOnLoad (173ms)
				ProcessInitializeOnLoadAttributes (351ms)
				ProcessInitializeOnLoadMethodAttributes (18ms)
				AfterProcessingInitializeOnLoad (11ms)
				EditorAssembliesLoaded (0ms)
			ExecutionOrderSort2 (0ms)
			AwakeInstancesAfterBackupRestoration (39ms)
Platform modules already initialized, skipping
Switching build target platform(19) subTarget(0) extendedPlatform(0) -> platform(13) subTarget(537395200) extendedPlatform(0)
Refreshing native plugins compatible for Editor in 1.90 ms, found 2 plugins.
Preloading 0 native plugins for Editor in 0.00 ms.
Unloading 2821 Unused Serialized files (Serialized files now loaded: 0)
System memory in use before: 128.3 MB.
System memory in use after: 128.5 MB.

Unloading 25 unused Assets to reduce memory usage. Loaded Objects now: 3674.
Total: 5.462100 ms (FindLiveObjects: 0.480100 ms CreateObjectMapping: 0.238800 ms MarkObjects: 4.704200 ms  DeleteObjects: 0.037200 ms)

AssetImportParameters requested are different than current active one (requested -> active):
  custom:framework-win-MediaFoundation: 216162199b28c13a410421893ffa2e32 -> 
  custom:video-decoder-ogg-theora: a1e56fd34408186e4bbccfd4996cb3dc -> 
  custom:container-muxer-webm: aa71ff27fc2769a1b78a27578f13a17b -> 
  custom:container-demuxer-webm: 4f35f7cbe854078d1ac9338744f61a02 -> 
  custom:container-demuxer-ogg: 62fdf1f143b41e24485cea50d1cbac27 -> 
  custom:video-encoder-webm-vp8: eb34c28f22e8b96e1ab97ce403110664 -> 
  custom:video-decoder-webm-vp8: 9c59270c3fd7afecdb556c50c9e8de78 -> 
  custom:graphics/normal-map-encoding: 01000000000000000000000000000000 -> 02000000000000000000000000000000
  custom:audio-decoder-ogg-vorbis: bf7c407c2cedff20999df2af8eb42d56 -> 
  custom:audio-encoder-webm-vorbis: bf7c407c2cedff20999df2af8eb42d56 -> 
========================================================================
Received Prepare
Registering precompiled user dll's ...
Registered in 0.006508 seconds.
Begin MonoManager ReloadAssembly
Native extension for WindowsStandalone target not found
Native extension for WebGL target not found
Refreshing native plugins compatible for Editor in 1.24 ms, found 2 plugins.
Preloading 0 native plugins for Editor in 0.00 ms.
Mono: successfully reloaded assembly
- Completed reload, in  2.202 seconds
Domain Reload Profiling:
	ReloadAssembly (2203ms)
		BeginReloadAssembly (225ms)
			ExecutionOrderSort (0ms)
			DisableScriptedObjects (12ms)
			BackupInstance (0ms)
			ReleaseScriptingObjects (0ms)
			CreateAndSetChildDomain (65ms)
		EndReloadAssembly (1857ms)
			LoadAssemblies (213ms)
			RebuildTransferFunctionScriptingTraits (0ms)
			SetupTypeCache (583ms)
			ReleaseScriptCaches (3ms)
			RebuildScriptCaches (84ms)
			SetupLoadedEditorAssemblies (594ms)
				LogAssemblyErrors (0ms)
				InitializePlatformSupportModulesInManaged (10ms)
				SetLoadedEditorAssemblies (2ms)
				RefreshPlugins (1ms)
				BeforeProcessingInitializeOnLoad (164ms)
				ProcessInitializeOnLoadAttributes (385ms)
				ProcessInitializeOnLoadMethodAttributes (17ms)
				AfterProcessingInitializeOnLoad (14ms)
				EditorAssembliesLoaded (1ms)
			ExecutionOrderSort2 (0ms)
			AwakeInstancesAfterBackupRestoration (38ms)
Platform modules already initialized, skipping
Switching build target platform(19) subTarget(0) extendedPlatform(0) -> platform(13) subTarget(537395200) extendedPlatform(0)
Refreshing native plugins compatible for Editor in 1.39 ms, found 2 plugins.
Preloading 0 native plugins for Editor in 0.00 ms.
Unloading 2821 Unused Serialized files (Serialized files now loaded: 0)
System memory in use before: 128.3 MB.
System memory in use after: 128.5 MB.

Unloading 25 unused Assets to reduce memory usage. Loaded Objects now: 3677.
Total: 5.446000 ms (FindLiveObjects: 0.416700 ms CreateObjectMapping: 0.146700 ms MarkObjects: 4.848000 ms  DeleteObjects: 0.032000 ms)

AssetImportParameters requested are different than current active one (requested -> active):
  custom:framework-win-MediaFoundation: 216162199b28c13a410421893ffa2e32 -> 
  custom:video-decoder-ogg-theora: a1e56fd34408186e4bbccfd4996cb3dc -> 
  custom:container-muxer-webm: aa71ff27fc2769a1b78a27578f13a17b -> 
  custom:container-demuxer-webm: 4f35f7cbe854078d1ac9338744f61a02 -> 
  custom:container-demuxer-ogg: 62fdf1f143b41e24485cea50d1cbac27 -> 
  custom:video-encoder-webm-vp8: eb34c28f22e8b96e1ab97ce403110664 -> 
  custom:video-decoder-webm-vp8: 9c59270c3fd7afecdb556c50c9e8de78 -> 
  custom:graphics/normal-map-encoding: 01000000000000000000000000000000 -> 02000000000000000000000000000000
  custom:audio-decoder-ogg-vorbis: bf7c407c2cedff20999df2af8eb42d56 -> 
  custom:audio-encoder-webm-vorbis: bf7c407c2cedff20999df2af8eb42d56 -> 
========================================================================
Received Prepare
Registering precompiled user dll's ...
Registered in 0.011441 seconds.
Begin MonoManager ReloadAssembly
Native extension for WindowsStandalone target not found
Native extension for WebGL target not found
Refreshing native plugins compatible for Editor in 2.00 ms, found 2 plugins.
Preloading 0 native plugins for Editor in 0.00 ms.
Mono: successfully reloaded assembly
- Completed reload, in  2.515 seconds
Domain Reload Profiling:
	ReloadAssembly (2516ms)
		BeginReloadAssembly (240ms)
			ExecutionOrderSort (0ms)
			DisableScriptedObjects (12ms)
			BackupInstance (0ms)
			ReleaseScriptingObjects (0ms)
			CreateAndSetChildDomain (68ms)
		EndReloadAssembly (2132ms)
			LoadAssemblies (219ms)
			RebuildTransferFunctionScriptingTraits (0ms)
			SetupTypeCache (739ms)
			ReleaseScriptCaches (3ms)
			RebuildScriptCaches (103ms)
			SetupLoadedEditorAssemblies (622ms)
				LogAssemblyErrors (0ms)
				InitializePlatformSupportModulesInManaged (11ms)
				SetLoadedEditorAssemblies (2ms)
				RefreshPlugins (2ms)
				BeforeProcessingInitializeOnLoad (194ms)
				ProcessInitializeOnLoadAttributes (378ms)
				ProcessInitializeOnLoadMethodAttributes (18ms)
				AfterProcessingInitializeOnLoad (15ms)
				EditorAssembliesLoaded (1ms)
			ExecutionOrderSort2 (0ms)
			AwakeInstancesAfterBackupRestoration (44ms)
Platform modules already initialized, skipping
Switching build target platform(19) subTarget(0) extendedPlatform(0) -> platform(13) subTarget(537395200) extendedPlatform(0)
Refreshing native plugins compatible for Editor in 1.04 ms, found 2 plugins.
Preloading 0 native plugins for Editor in 0.00 ms.
Unloading 2821 Unused Serialized files (Serialized files now loaded: 0)
System memory in use before: 128.3 MB.
System memory in use after: 128.5 MB.

Unloading 25 unused Assets to reduce memory usage. Loaded Objects now: 3680.
Total: 5.260200 ms (FindLiveObjects: 0.487000 ms CreateObjectMapping: 0.192600 ms MarkObjects: 4.541300 ms  DeleteObjects: 0.036700 ms)

AssetImportParameters requested are different than current active one (requested -> active):
  custom:framework-win-MediaFoundation: 216162199b28c13a410421893ffa2e32 -> 
  custom:video-decoder-ogg-theora: a1e56fd34408186e4bbccfd4996cb3dc -> 
  custom:container-muxer-webm: aa71ff27fc2769a1b78a27578f13a17b -> 
  custom:container-demuxer-webm: 4f35f7cbe854078d1ac9338744f61a02 -> 
  custom:container-demuxer-ogg: 62fdf1f143b41e24485cea50d1cbac27 -> 
  custom:video-encoder-webm-vp8: eb34c28f22e8b96e1ab97ce403110664 -> 
  custom:video-decoder-webm-vp8: 9c59270c3fd7afecdb556c50c9e8de78 -> 
  custom:graphics/normal-map-encoding: 01000000000000000000000000000000 -> 02000000000000000000000000000000
  custom:audio-decoder-ogg-vorbis: bf7c407c2cedff20999df2af8eb42d56 -> 
  custom:audio-encoder-webm-vorbis: bf7c407c2cedff20999df2af8eb42d56 -> 
========================================================================
Received Import Request.
  Time since last request: 61.595511 seconds.
  path: Assets/Platforms/Ground_Tile1.prefab
  artifactKey: Guid(cd8930c3ed58c09438a8051dd7a7fed8) Importer(815301076,1909f56bfc062723c751e8b465ee728b)
Start importing Assets/Platforms/Ground_Tile1.prefab using Guid(cd8930c3ed58c09438a8051dd7a7fed8) Importer(815301076,1909f56bfc062723c751e8b465ee728b)  -> (artifact id: 'd59ec8ab24d085155d7df0773984a89b') in 0.254977 seconds 
========================================================================
Received Prepare
Registering precompiled user dll's ...
Registered in 0.006280 seconds.
Begin MonoManager ReloadAssembly
Native extension for WindowsStandalone target not found
Native extension for WebGL target not found
Refreshing native plugins compatible for Editor in 1.17 ms, found 2 plugins.
Preloading 0 native plugins for Editor in 0.00 ms.
Mono: successfully reloaded assembly
- Completed reload, in  2.009 seconds
Domain Reload Profiling:
	ReloadAssembly (2010ms)
		BeginReloadAssembly (191ms)
			ExecutionOrderSort (0ms)
			DisableScriptedObjects (11ms)
			BackupInstance (0ms)
			ReleaseScriptingObjects (0ms)
			CreateAndSetChildDomain (55ms)
		EndReloadAssembly (1707ms)
			LoadAssemblies (182ms)
			RebuildTransferFunctionScriptingTraits (0ms)
			SetupTypeCache (524ms)
			ReleaseScriptCaches (2ms)
			RebuildScriptCaches (81ms)
			SetupLoadedEditorAssemblies (542ms)
				LogAssemblyErrors (0ms)
				InitializePlatformSupportModulesInManaged (9ms)
				SetLoadedEditorAssemblies (1ms)
				RefreshPlugins (1ms)
				BeforeProcessingInitializeOnLoad (166ms)
				ProcessInitializeOnLoadAttributes (344ms)
				ProcessInitializeOnLoadMethodAttributes (13ms)
				AfterProcessingInitializeOnLoad (9ms)
				EditorAssembliesLoaded (0ms)
			ExecutionOrderSort2 (0ms)
			AwakeInstancesAfterBackupRestoration (29ms)
Platform modules already initialized, skipping
Switching build target platform(19) subTarget(0) extendedPlatform(0) -> platform(13) subTarget(537395200) extendedPlatform(0)
Refreshing native plugins compatible for Editor in 0.96 ms, found 2 plugins.
Preloading 0 native plugins for Editor in 0.00 ms.
Unloading 2821 Unused Serialized files (Serialized files now loaded: 0)
System memory in use before: 128.4 MB.
System memory in use after: 128.6 MB.

Unloading 25 unused Assets to reduce memory usage. Loaded Objects now: 3719.
Total: 5.052700 ms (FindLiveObjects: 0.331700 ms CreateObjectMapping: 0.144200 ms MarkObjects: 4.536900 ms  DeleteObjects: 0.038000 ms)

AssetImportParameters requested are different than current active one (requested -> active):
  custom:framework-win-MediaFoundation: 216162199b28c13a410421893ffa2e32 -> 
  custom:video-decoder-ogg-theora: a1e56fd34408186e4bbccfd4996cb3dc -> 
  custom:container-muxer-webm: aa71ff27fc2769a1b78a27578f13a17b -> 
  custom:container-demuxer-webm: 4f35f7cbe854078d1ac9338744f61a02 -> 
  custom:container-demuxer-ogg: 62fdf1f143b41e24485cea50d1cbac27 -> 
  custom:video-encoder-webm-vp8: eb34c28f22e8b96e1ab97ce403110664 -> 
  custom:video-decoder-webm-vp8: 9c59270c3fd7afecdb556c50c9e8de78 -> 
  custom:graphics/normal-map-encoding: 01000000000000000000000000000000 -> 02000000000000000000000000000000
  custom:audio-decoder-ogg-vorbis: bf7c407c2cedff20999df2af8eb42d56 -> 
  custom:audio-encoder-webm-vorbis: bf7c407c2cedff20999df2af8eb42d56 -> 
========================================================================
Received Import Request.
  Time since last request: 2799.264920 seconds.
  path: Assets/Platforms/Ground_Tile1.prefab
  artifactKey: Guid(cd8930c3ed58c09438a8051dd7a7fed8) Importer(815301076,1909f56bfc062723c751e8b465ee728b)
Start importing Assets/Platforms/Ground_Tile1.prefab using Guid(cd8930c3ed58c09438a8051dd7a7fed8) Importer(815301076,1909f56bfc062723c751e8b465ee728b)  -> (artifact id: '5a7c58511044a32b7dde475595756319') in 0.254506 seconds 
========================================================================
Received Prepare
Registering precompiled user dll's ...
Registered in 0.005598 seconds.
Begin MonoManager ReloadAssembly
Native extension for WindowsStandalone target not found
Native extension for WebGL target not found
Refreshing native plugins compatible for Editor in 1.14 ms, found 2 plugins.
Preloading 0 native plugins for Editor in 0.00 ms.
Mono: successfully reloaded assembly
- Completed reload, in  2.022 seconds
Domain Reload Profiling:
	ReloadAssembly (2023ms)
		BeginReloadAssembly (199ms)
			ExecutionOrderSort (0ms)
			DisableScriptedObjects (13ms)
			BackupInstance (0ms)
			ReleaseScriptingObjects (0ms)
			CreateAndSetChildDomain (61ms)
		EndReloadAssembly (1716ms)
			LoadAssemblies (169ms)
			RebuildTransferFunctionScriptingTraits (0ms)
			SetupTypeCache (521ms)
			ReleaseScriptCaches (2ms)
			RebuildScriptCaches (78ms)
			SetupLoadedEditorAssemblies (535ms)
				LogAssemblyErrors (0ms)
				InitializePlatformSupportModulesInManaged (9ms)
				SetLoadedEditorAssemblies (1ms)
				RefreshPlugins (1ms)
				BeforeProcessingInitializeOnLoad (159ms)
				ProcessInitializeOnLoadAttributes (336ms)
				ProcessInitializeOnLoadMethodAttributes (16ms)
				AfterProcessingInitializeOnLoad (13ms)
				EditorAssembliesLoaded (1ms)
			ExecutionOrderSort2 (0ms)
			AwakeInstancesAfterBackupRestoration (38ms)
Platform modules already initialized, skipping
Switching build target platform(19) subTarget(0) extendedPlatform(0) -> platform(13) subTarget(537395200) extendedPlatform(0)
Refreshing native plugins compatible for Editor in 1.17 ms, found 2 plugins.
Preloading 0 native plugins for Editor in 0.00 ms.
Unloading 2821 Unused Serialized files (Serialized files now loaded: 0)
System memory in use before: 128.5 MB.
System memory in use after: 128.8 MB.

Unloading 25 unused Assets to reduce memory usage. Loaded Objects now: 3758.
Total: 6.860200 ms (FindLiveObjects: 0.516900 ms CreateObjectMapping: 0.146800 ms MarkObjects: 6.155700 ms  DeleteObjects: 0.038600 ms)

AssetImportParameters requested are different than current active one (requested -> active):
  custom:framework-win-MediaFoundation: 216162199b28c13a410421893ffa2e32 -> 
  custom:video-decoder-ogg-theora: a1e56fd34408186e4bbccfd4996cb3dc -> 
  custom:container-muxer-webm: aa71ff27fc2769a1b78a27578f13a17b -> 
  custom:container-demuxer-webm: 4f35f7cbe854078d1ac9338744f61a02 -> 
  custom:container-demuxer-ogg: 62fdf1f143b41e24485cea50d1cbac27 -> 
  custom:video-encoder-webm-vp8: eb34c28f22e8b96e1ab97ce403110664 -> 
  custom:video-decoder-webm-vp8: 9c59270c3fd7afecdb556c50c9e8de78 -> 
  custom:graphics/normal-map-encoding: 01000000000000000000000000000000 -> 02000000000000000000000000000000
  custom:audio-decoder-ogg-vorbis: bf7c407c2cedff20999df2af8eb42d56 -> 
  custom:audio-encoder-webm-vorbis: bf7c407c2cedff20999df2af8eb42d56 -> 
========================================================================
Received Import Request.
  Time since last request: 25.209550 seconds.
  path: Assets/Platforms/Ground_Tile0.prefab
  artifactKey: Guid(8cf006c0f47ed8649b54511d37abcdb8) Importer(815301076,1909f56bfc062723c751e8b465ee728b)
Start importing Assets/Platforms/Ground_Tile0.prefab using Guid(8cf006c0f47ed8649b54511d37abcdb8) Importer(815301076,1909f56bfc062723c751e8b465ee728b)  -> (artifact id: '560cd04a8fae80209241bdade63e852b') in 0.283027 seconds 
========================================================================
Received Prepare
Registering precompiled user dll's ...
Registered in 0.006300 seconds.
Begin MonoManager ReloadAssembly
Native extension for WindowsStandalone target not found
Native extension for WebGL target not found
Refreshing native plugins compatible for Editor in 1.81 ms, found 2 plugins.
Preloading 0 native plugins for Editor in 0.00 ms.
Mono: successfully reloaded assembly
- Completed reload, in  2.516 seconds
Domain Reload Profiling:
	ReloadAssembly (2517ms)
		BeginReloadAssembly (275ms)
			ExecutionOrderSort (0ms)
			DisableScriptedObjects (16ms)
			BackupInstance (0ms)
			ReleaseScriptingObjects (0ms)
			CreateAndSetChildDomain (75ms)
		EndReloadAssembly (2104ms)
			LoadAssemblies (240ms)
			RebuildTransferFunctionScriptingTraits (0ms)
			SetupTypeCache (677ms)
			ReleaseScriptCaches (3ms)
			RebuildScriptCaches (94ms)
			SetupLoadedEditorAssemblies (632ms)
				LogAssemblyErrors (0ms)
				InitializePlatformSupportModulesInManaged (10ms)
				SetLoadedEditorAssemblies (1ms)
				RefreshPlugins (2ms)
				BeforeProcessingInitializeOnLoad (204ms)
				ProcessInitializeOnLoadAttributes (382ms)
				ProcessInitializeOnLoadMethodAttributes (17ms)
				AfterProcessingInitializeOnLoad (14ms)
				EditorAssembliesLoaded (1ms)
			ExecutionOrderSort2 (0ms)
			AwakeInstancesAfterBackupRestoration (44ms)
Platform modules already initialized, skipping
Switching build target platform(19) subTarget(0) extendedPlatform(0) -> platform(13) subTarget(537395200) extendedPlatform(0)
Refreshing native plugins compatible for Editor in 1.11 ms, found 2 plugins.
Preloading 0 native plugins for Editor in 0.00 ms.
Unloading 2821 Unused Serialized files (Serialized files now loaded: 0)
System memory in use before: 128.7 MB.
System memory in use after: 128.9 MB.

Unloading 25 unused Assets to reduce memory usage. Loaded Objects now: 3797.
Total: 7.479900 ms (FindLiveObjects: 0.542800 ms CreateObjectMapping: 0.219300 ms MarkObjects: 6.670700 ms  DeleteObjects: 0.044800 ms)

AssetImportParameters requested are different than current active one (requested -> active):
  custom:framework-win-MediaFoundation: 216162199b28c13a410421893ffa2e32 -> 
  custom:video-decoder-ogg-theora: a1e56fd34408186e4bbccfd4996cb3dc -> 
  custom:container-muxer-webm: aa71ff27fc2769a1b78a27578f13a17b -> 
  custom:container-demuxer-webm: 4f35f7cbe854078d1ac9338744f61a02 -> 
  custom:container-demuxer-ogg: 62fdf1f143b41e24485cea50d1cbac27 -> 
  custom:video-encoder-webm-vp8: eb34c28f22e8b96e1ab97ce403110664 -> 
  custom:video-decoder-webm-vp8: 9c59270c3fd7afecdb556c50c9e8de78 -> 
  custom:graphics/normal-map-encoding: 01000000000000000000000000000000 -> 02000000000000000000000000000000
  custom:audio-decoder-ogg-vorbis: bf7c407c2cedff20999df2af8eb42d56 -> 
  custom:audio-encoder-webm-vorbis: bf7c407c2cedff20999df2af8eb42d56 -> 
========================================================================
Received Import Request.
  Time since last request: 820.496346 seconds.
  path: Assets/Scripts/PlayerController.cs
  artifactKey: Guid(0d1a4e1e22d731840889ea8afc219477) Importer(815301076,1909f56bfc062723c751e8b465ee728b)
Start importing Assets/Scripts/PlayerController.cs using Guid(0d1a4e1e22d731840889ea8afc219477) Importer(815301076,1909f56bfc062723c751e8b465ee728b)  -> (artifact id: '54fd57a5608ff7bbc388f054b014e527') in 0.110345 seconds 
========================================================================
Received Import Request.
  Time since last request: 225.937635 seconds.
  path: Assets/Models/Player1/Jump.fbx
  artifactKey: Guid(f503c236edd3a7d48bd66cc869221eed) Importer(815301076,1909f56bfc062723c751e8b465ee728b)
Start importing Assets/Models/Player1/Jump.fbx using Guid(f503c236edd3a7d48bd66cc869221eed) Importer(815301076,1909f56bfc062723c751e8b465ee728b)  -> (artifact id: '80259e98f3f77cef28360f2b76503539') in 0.421933 seconds 
========================================================================
Received Import Request.
  Time since last request: 0.000275 seconds.
  path: Assets/Models/Player1/Running.fbx
  artifactKey: Guid(d3a8c0cc983d3e3468abdd1a7a03cb92) Importer(815301076,1909f56bfc062723c751e8b465ee728b)
Start importing Assets/Models/Player1/Running.fbx using Guid(d3a8c0cc983d3e3468abdd1a7a03cb92) Importer(815301076,1909f56bfc062723c751e8b465ee728b)  -> (artifact id: 'f2b324e4c5032891d96a02866ff13e8f') in 0.057496 seconds 
========================================================================
Received Import Request.
  Time since last request: 1.678210 seconds.
  path: Assets/Models/Player1/Sprinting Forward Roll.fbx
  artifactKey: Guid(0cad19eb7d2147f45acb564f2b8ed1b0) Importer(815301076,1909f56bfc062723c751e8b465ee728b)
Start importing Assets/Models/Player1/Sprinting Forward Roll.fbx using Guid(0cad19eb7d2147f45acb564f2b8ed1b0) Importer(815301076,1909f56bfc062723c751e8b465ee728b)  -> (artifact id: '54733114f1c077c410cfa0a10b5b2bc1') in 0.056334 seconds 
========================================================================
Received Import Request.
  Time since last request: 0.419551 seconds.
  path: Assets/Models/Player/ .obj
  artifactKey: Guid(bd1b8490b179b8342a6acfecca64d5fa) Importer(815301076,1909f56bfc062723c751e8b465ee728b)
Start importing Assets/Models/Player/ .obj using Guid(bd1b8490b179b8342a6acfecca64d5fa) Importer(815301076,1909f56bfc062723c751e8b465ee728b)  -> (artifact id: '1137e637d1a6cced1e6e29914e2f9d6a') in 0.080092 seconds 
========================================================================
Received Import Request.
  Time since last request: 0.000333 seconds.
  path: Assets/Models/Player/.obj
  artifactKey: Guid(ecdd5435b71137e4c9310619bbd44277) Importer(815301076,1909f56bfc062723c751e8b465ee728b)
Start importing Assets/Models/Player/.obj using Guid(ecdd5435b71137e4c9310619bbd44277) Importer(815301076,1909f56bfc062723c751e8b465ee728b)  -> (artifact id: 'df5b3dc43521a1c685f419cebffaf378') in 0.055955 seconds 
========================================================================
Received Import Request.
  Time since last request: 0.000258 seconds.
  path: Assets/Models/Player/.obj
  artifactKey: Guid(a122e086b46f04d438d85bf3bef94853) Importer(815301076,1909f56bfc062723c751e8b465ee728b)
Start importing Assets/Models/Player/.obj using Guid(a122e086b46f04d438d85bf3bef94853) Importer(815301076,1909f56bfc062723c751e8b465ee728b)  -> (artifact id: 'ffc92a77b86a188169ced4e0e114e314') in 0.043961 seconds 
========================================================================
Received Import Request.
  Time since last request: 0.000189 seconds.
  path: Assets/Models/Player/_.obj
  artifactKey: Guid(db2a76d122a549f4ba9e083fe8222e0c) Importer(815301076,1909f56bfc062723c751e8b465ee728b)
Start importing Assets/Models/Player/_.obj using Guid(db2a76d122a549f4ba9e083fe8222e0c) Importer(815301076,1909f56bfc062723c751e8b465ee728b)  -> (artifact id: '272fed1504c517cab324527370777ab3') in 0.047522 seconds 
========================================================================
Received Import Request.
  Time since last request: 0.000401 seconds.
  path: Assets/Models/Player/ .obj
  artifactKey: Guid(46e799e5f781c0b4aa209d656c448a5b) Importer(815301076,1909f56bfc062723c751e8b465ee728b)
Start importing Assets/Models/Player/ .obj using Guid(46e799e5f781c0b4aa209d656c448a5b) Importer(815301076,1909f56bfc062723c751e8b465ee728b)  -> (artifact id: '7c2cdcc67d1aa31c41b7130400e27a20') in 0.047353 seconds 
========================================================================
Received Import Request.
  Time since last request: 160.845961 seconds.
  path: Assets/Scripts/PlayerController.cs
  artifactKey: Guid(0d1a4e1e22d731840889ea8afc219477) Importer(815301076,1909f56bfc062723c751e8b465ee728b)
Start importing Assets/Scripts/PlayerController.cs using Guid(0d1a4e1e22d731840889ea8afc219477) Importer(815301076,1909f56bfc062723c751e8b465ee728b)  -> (artifact id: '7c978104e7f517903cd82703644e6f4b') in 0.003262 seconds 
========================================================================
Received Prepare
Registering precompiled user dll's ...
Registered in 0.007874 seconds.
Begin MonoManager ReloadAssembly
Native extension for WindowsStandalone target not found
Native extension for WebGL target not found
Refreshing native plugins compatible for Editor in 1.20 ms, found 2 plugins.
Preloading 0 native plugins for Editor in 0.00 ms.
Mono: successfully reloaded assembly
- Completed reload, in  2.168 seconds
Domain Reload Profiling:
	ReloadAssembly (2169ms)
		BeginReloadAssembly (217ms)
			ExecutionOrderSort (0ms)
			DisableScriptedObjects (14ms)
			BackupInstance (0ms)
			ReleaseScriptingObjects (0ms)
			CreateAndSetChildDomain (62ms)
		EndReloadAssembly (1822ms)
			LoadAssemblies (185ms)
			RebuildTransferFunctionScriptingTraits (0ms)
			SetupTypeCache (531ms)
			ReleaseScriptCaches (3ms)
			RebuildScriptCaches (86ms)
			SetupLoadedEditorAssemblies (572ms)
				LogAssemblyErrors (0ms)
				InitializePlatformSupportModulesInManaged (8ms)
				SetLoadedEditorAssemblies (1ms)
				RefreshPlugins (1ms)
				BeforeProcessingInitializeOnLoad (173ms)
				ProcessInitializeOnLoadAttributes (359ms)
				ProcessInitializeOnLoadMethodAttributes (17ms)
				AfterProcessingInitializeOnLoad (12ms)
				EditorAssembliesLoaded (0ms)
			ExecutionOrderSort2 (0ms)
			AwakeInstancesAfterBackupRestoration (41ms)
Platform modules already initialized, skipping
Switching build target platform(19) subTarget(0) extendedPlatform(0) -> platform(13) subTarget(537395200) extendedPlatform(0)
Refreshing native plugins compatible for Editor in 1.44 ms, found 2 plugins.
Preloading 0 native plugins for Editor in 0.00 ms.
Unloading 2821 Unused Serialized files (Serialized files now loaded: 0)
System memory in use before: 142.3 MB.
System memory in use after: 142.6 MB.

Unloading 25 unused Assets to reduce memory usage. Loaded Objects now: 3837.
Total: 6.790100 ms (FindLiveObjects: 0.435800 ms CreateObjectMapping: 0.172200 ms MarkObjects: 6.115500 ms  DeleteObjects: 0.064400 ms)

AssetImportParameters requested are different than current active one (requested -> active):
  custom:framework-win-MediaFoundation: 216162199b28c13a410421893ffa2e32 -> 
  custom:video-decoder-ogg-theora: a1e56fd34408186e4bbccfd4996cb3dc -> 
  custom:container-muxer-webm: aa71ff27fc2769a1b78a27578f13a17b -> 
  custom:container-demuxer-webm: 4f35f7cbe854078d1ac9338744f61a02 -> 
  custom:container-demuxer-ogg: 62fdf1f143b41e24485cea50d1cbac27 -> 
  custom:video-encoder-webm-vp8: eb34c28f22e8b96e1ab97ce403110664 -> 
  custom:video-decoder-webm-vp8: 9c59270c3fd7afecdb556c50c9e8de78 -> 
  custom:graphics/normal-map-encoding: 01000000000000000000000000000000 -> 02000000000000000000000000000000
  custom:audio-decoder-ogg-vorbis: bf7c407c2cedff20999df2af8eb42d56 -> 
  custom:audio-encoder-webm-vorbis: bf7c407c2cedff20999df2af8eb42d56 -> 
========================================================================
Received Prepare
Registering precompiled user dll's ...
Registered in 0.006372 seconds.
Begin MonoManager ReloadAssembly
Native extension for WindowsStandalone target not found
Native extension for WebGL target not found
Refreshing native plugins compatible for Editor in 1.10 ms, found 2 plugins.
Preloading 0 native plugins for Editor in 0.00 ms.
Mono: successfully reloaded assembly
- Completed reload, in  1.908 seconds
Domain Reload Profiling:
	ReloadAssembly (1909ms)
		BeginReloadAssembly (191ms)
			ExecutionOrderSort (0ms)
			DisableScriptedObjects (9ms)
			BackupInstance (0ms)
			ReleaseScriptingObjects (0ms)
			CreateAndSetChildDomain (54ms)
		EndReloadAssembly (1619ms)
			LoadAssemblies (167ms)
			RebuildTransferFunctionScriptingTraits (0ms)
			SetupTypeCache (499ms)
			ReleaseScriptCaches (2ms)
			RebuildScriptCaches (72ms)
			SetupLoadedEditorAssemblies (488ms)
				LogAssemblyErrors (0ms)
				InitializePlatformSupportModulesInManaged (8ms)
				SetLoadedEditorAssemblies (1ms)
				RefreshPlugins (1ms)
				BeforeProcessingInitializeOnLoad (139ms)
				ProcessInitializeOnLoadAttributes (313ms)
				ProcessInitializeOnLoadMethodAttributes (14ms)
				AfterProcessingInitializeOnLoad (11ms)
				EditorAssembliesLoaded (0ms)
			ExecutionOrderSort2 (0ms)
			AwakeInstancesAfterBackupRestoration (34ms)
Platform modules already initialized, skipping
Switching build target platform(19) subTarget(0) extendedPlatform(0) -> platform(13) subTarget(537395200) extendedPlatform(0)
Refreshing native plugins compatible for Editor in 1.05 ms, found 2 plugins.
Preloading 0 native plugins for Editor in 0.00 ms.
Unloading 2821 Unused Serialized files (Serialized files now loaded: 0)
System memory in use before: 142.3 MB.
System memory in use after: 142.6 MB.

Unloading 25 unused Assets to reduce memory usage. Loaded Objects now: 3840.
Total: 5.129700 ms (FindLiveObjects: 0.395500 ms CreateObjectMapping: 0.145700 ms MarkObjects: 4.542600 ms  DeleteObjects: 0.044000 ms)

AssetImportParameters requested are different than current active one (requested -> active):
  custom:framework-win-MediaFoundation: 216162199b28c13a410421893ffa2e32 -> 
  custom:video-decoder-ogg-theora: a1e56fd34408186e4bbccfd4996cb3dc -> 
  custom:container-muxer-webm: aa71ff27fc2769a1b78a27578f13a17b -> 
  custom:container-demuxer-webm: 4f35f7cbe854078d1ac9338744f61a02 -> 
  custom:container-demuxer-ogg: 62fdf1f143b41e24485cea50d1cbac27 -> 
  custom:video-encoder-webm-vp8: eb34c28f22e8b96e1ab97ce403110664 -> 
  custom:video-decoder-webm-vp8: 9c59270c3fd7afecdb556c50c9e8de78 -> 
  custom:graphics/normal-map-encoding: 01000000000000000000000000000000 -> 02000000000000000000000000000000
  custom:audio-decoder-ogg-vorbis: bf7c407c2cedff20999df2af8eb42d56 -> 
  custom:audio-encoder-webm-vorbis: bf7c407c2cedff20999df2af8eb42d56 -> 
AssetImportWorkerClient::OnTransportError - code=2 error=End of file
